<?xml version="1.0" encoding="UTF-8"?>
<!-- Generated by org.testng.reporters.JUnitReportReporter -->
<testsuite hostname="Vijays-MacBook-Pro.local" failures="0" tests="2" name="com.vijay.jdk8related.TestNGDemo" time="21.693" errors="0" timestamp="2020-10-18T16:08:46 IST" skipped="0">
  <testcase classname="com.vijay.jdk8related.TestNGDemo" name="test1" time="9.407"/>
  <system-out/>
  <testcase classname="com.vijay.jdk8related.TestNGDemo" name="test2" time="12.286"/>
  <system-out/>
</testsuite> <!-- com.vijay.jdk8related.TestNGDemo -->
