<?xml version="1.0" encoding="UTF-8"?>
<!-- Generated by org.testng.reporters.JUnitReportReporter -->
<testsuite skipped="0" hostname="Vijays-MBP" name="turtlemint.turtle.steps.NewTestdummy" tests="1" failures="0" timestamp="2020-10-09T18:32:45 IST" time="4.742" errors="0">
  <testcase name="f" time="4.742" classname="turtlemint.turtle.steps.NewTestdummy"/>
  <system-out/>
</testsuite> <!-- turtlemint.turtle.steps.NewTestdummy -->
