<?xml version="1.0" encoding="UTF-8"?>
<!-- Generated by org.testng.reporters.JUnitReportReporter -->
<testsuite skipped="0" hostname="Vijays-MBP" name="turtlemint.turtle.steps.WebscrapingwithMongo" tests="1" failures="0" timestamp="2020-10-06T21:21:54 IST" time="4.393" errors="0">
  <testcase name="scraping" time="4.393" classname="turtlemint.turtle.steps.WebscrapingwithMongo"/>
  <system-out/>
</testsuite> <!-- turtlemint.turtle.steps.WebscrapingwithMongo -->
